Traceback (most recent call last):
  File "C:\ProgramData\Anaconda3\lib\site-packages\jupyter_cache\executors\utils.py", line 51, in single_nb_execution
    executenb(
  File "C:\ProgramData\Anaconda3\lib\site-packages\nbclient\client.py", line 1204, in execute
    return NotebookClient(nb=nb, resources=resources, km=km, **kwargs).execute()
  File "C:\ProgramData\Anaconda3\lib\site-packages\nbclient\util.py", line 84, in wrapped
    return just_run(coro(*args, **kwargs))
  File "C:\ProgramData\Anaconda3\lib\site-packages\nbclient\util.py", line 62, in just_run
    return loop.run_until_complete(coro)
  File "C:\ProgramData\Anaconda3\lib\asyncio\base_events.py", line 616, in run_until_complete
    return future.result()
  File "C:\ProgramData\Anaconda3\lib\site-packages\nbclient\client.py", line 663, in async_execute
    await self.async_execute_cell(
  File "C:\ProgramData\Anaconda3\lib\site-packages\nbclient\client.py", line 965, in async_execute_cell
    await self._check_raise_for_error(cell, cell_index, exec_reply)
  File "C:\ProgramData\Anaconda3\lib\site-packages\nbclient\client.py", line 862, in _check_raise_for_error
    raise CellExecutionError.from_cell_and_msg(cell, exec_reply_content)
nbclient.exceptions.CellExecutionError: An error occurred while executing the following cell:
------------------
p_drought = 0.15 #Probability of having a drought
p_low_given_drought = 0.60 #Probability of having low flows during a regional drought
p_shortage_surface_given_low_AND_drought = 0.4 #Probability of having a shortage during a dry year with low flows caused by any of the two sources.
p_failure_given_shortage_surfaceC_AND_low_AND_drought = 0.2 #Probability of having a shortage during a dry year with low flows which do not cause directly a shortage.

p_low_AND_drought = p_low_drought * p_drought

print(f'The probability is {p_low_AND_drought:.3f}')
------------------

[1;31m---------------------------------------------------------------------------[0m
[1;31mNameError[0m                                 Traceback (most recent call last)
Input [1;32mIn [1][0m, in [0;36m<cell line: 6>[1;34m()[0m
[0;32m      3[0m p_shortage_surface_given_low_AND_drought [38;5;241m=[39m [38;5;241m0.4[39m [38;5;66;03m#Probability of having a shortage during a dry year with low flows caused by any of the two sources.[39;00m
[0;32m      4[0m p_failure_given_shortage_surfaceC_AND_low_AND_drought [38;5;241m=[39m [38;5;241m0.2[39m [38;5;66;03m#Probability of having a shortage during a dry year with low flows which do not cause directly a shortage.[39;00m
[1;32m----> 6[0m p_low_AND_drought [38;5;241m=[39m [43mp_low_drought[49m [38;5;241m*[39m p_drought
[0;32m      8[0m [38;5;28mprint[39m([38;5;124mf[39m[38;5;124m'[39m[38;5;124mThe probability is [39m[38;5;132;01m{[39;00mp_low_AND_drought[38;5;132;01m:[39;00m[38;5;124m.3f[39m[38;5;132;01m}[39;00m[38;5;124m'[39m)

[1;31mNameError[0m: name 'p_low_drought' is not defined
NameError: name 'p_low_drought' is not defined

